<?xml version="1.0" encoding="UTF-8"?>
<testsuite name="com.example.StudentsApiC.StudentsApiCApplicationTests" tests="1" skipped="0" failures="0" errors="0" timestamp="2026-08-07T08:25:32.629Z" hostname="Rens-MacBook-Pro.local" time="2.501">
  <properties/>
  <testcase name="contextLoads()" classname="com.example.StudentsApiC.StudentsApiCApplicationTests" time="0.27"/>
  <system-out><![CDATA[15:25:32.713 [Test worker] INFO org.springframework.test.context.support.AnnotationConfigContextLoaderUtils -- Could not detect default configuration classes for test class [com.example.StudentsApiC.StudentsApiCApplicationTests]: StudentsApiCApplicationTests does not declare any static, non-private, non-final, nested classes annotated with @Configuration.
15:25:32.760 [Test worker] INFO org.springframework.boot.test.context.SpringBootTestContextBootstrapper -- Found @SpringBootConfiguration com.example.StudentsApiC.StudentsApiCApplication for test class com.example.StudentsApiC.StudentsApiCApplicationTests
15:25:32.795 [Test worker] INFO org.springframework.test.context.support.AnnotationConfigContextLoaderUtils -- Could not detect default configuration classes for test class [com.example.StudentsApiC.StudentsApiCApplicationTests]: StudentsApiCApplicationTests does not declare any static, non-private, non-final, nested classes annotated with @Configuration.
15:25:32.796 [Test worker] INFO org.springframework.boot.test.context.SpringBootTestContextBootstrapper -- Found @SpringBootConfiguration com.example.StudentsApiC.StudentsApiCApplication for test class com.example.StudentsApiC.StudentsApiCApplicationTests

  .   ____          _            __ _ _
 /\\ / ___'_ __ _ _(_)_ __  __ _ \ \ \ \
( ( )\___ | '_ | '_| | '_ \/ _` | \ \ \ \
 \\/  ___)| |_)| | | | | || (_| |  ) ) ) )
  '  |____| .__|_| |_|_| |_\__, | / / / /
 =========|_|==============|___/=/_/_/_/

 :: Spring Boot ::                (v4.1.0)

2026-08-07T15:25:32.938+07:00  INFO 29165 --- [    Test worker] c.e.S.StudentsApiCApplicationTests       : Starting StudentsApiCApplicationTests using Java 17.0.15 with PID 29165 (started by renthairath in /Users/renthairath/Downloads/StudentsApiC)
2026-08-07T15:25:32.939+07:00  INFO 29165 --- [    Test worker] c.e.S.StudentsApiCApplicationTests       : No active profile set, falling back to 1 default profile: "default"
2026-08-07T15:25:33.215+07:00  INFO 29165 --- [    Test worker] .s.d.r.c.RepositoryConfigurationDelegate : Bootstrapping Spring Data JPA repositories in DEFAULT mode.
2026-08-07T15:25:33.237+07:00  INFO 29165 --- [    Test worker] .s.d.r.c.RepositoryConfigurationDelegate : Finished Spring Data repository scanning in 17 ms. Found 1 JPA repository interface.
2026-08-07T15:25:33.490+07:00  INFO 29165 --- [    Test worker] org.hibernate.orm.jpa                    : HHH008540: Processing PersistenceUnitInfo [name: default]
2026-08-07T15:25:33.514+07:00  INFO 29165 --- [    Test worker] org.hibernate.orm.core                   : HHH000001: Hibernate ORM core version 7.4.1.Final
2026-08-07T15:25:33.700+07:00  INFO 29165 --- [    Test worker] o.s.o.j.p.SpringPersistenceUnitInfo      : No LoadTimeWeaver setup: ignoring JPA class transformer
2026-08-07T15:25:33.715+07:00  INFO 29165 --- [    Test worker] com.zaxxer.hikari.HikariDataSource       : HikariPool-1 - Starting...
2026-08-07T15:25:33.879+07:00  INFO 29165 --- [    Test worker] com.zaxxer.hikari.pool.HikariPool        : HikariPool-1 - Added connection com.mysql.cj.jdbc.ConnectionImpl@3b6c740b
2026-08-07T15:25:33.880+07:00  INFO 29165 --- [    Test worker] com.zaxxer.hikari.HikariDataSource       : HikariPool-1 - Start completed.
2026-08-07T15:25:33.924+07:00  INFO 29165 --- [    Test worker] org.hibernate.orm.connections.pooling    : HHH10001005: Database info:
	Database JDBC URL [jdbc:mysql://localhost:3306/students_db]
	Database driver: MySQL Connector/J
	Database dialect: MySQLDialect
	Database version: 9.7.1
	Default catalog/schema: students_db/undefined
	Autocommit mode: undefined/unknown
	Isolation level: REPEATABLE_READ [default REPEATABLE_READ]
	JDBC fetch size: none
	Pool: DataSourceConnectionProvider
	Minimum pool size: undefined/unknown
	Maximum pool size: undefined/unknown
2026-08-07T15:25:34.390+07:00  INFO 29165 --- [    Test worker] org.hibernate.orm.core                   : HHH000489: No JTA platform available (set 'hibernate.transaction.jta.platform' to enable JTA platform integration)
2026-08-07T15:25:34.434+07:00  INFO 29165 --- [    Test worker] j.LocalContainerEntityManagerFactoryBean : Initialized JPA EntityManagerFactory for persistence unit 'default'
2026-08-07T15:25:34.487+07:00  INFO 29165 --- [    Test worker] o.s.d.j.r.query.QueryEnhancerFactories   : Hibernate is in classpath; If applicable, HQL parser will be used.
2026-08-07T15:25:34.540+07:00  WARN 29165 --- [    Test worker] JpaBaseConfiguration$JpaWebConfiguration : spring.jpa.open-in-view is enabled by default. Therefore, database queries may be performed during view rendering. Explicitly configure spring.jpa.open-in-view to disable this warning
2026-08-07T15:25:34.851+07:00  INFO 29165 --- [    Test worker] c.e.S.StudentsApiCApplicationTests       : Started StudentsApiCApplicationTests in 2.018 seconds (process running for 2.648)
]]></system-out>
  <system-err><![CDATA[]]></system-err>
</testsuite>
